<?xml version="1.0" encoding="UTF-8"?>
<testng-results skipped="0" failed="0" ignored="0" total="1" passed="1">
  <reporter-output>
  </reporter-output>
  <suite name="Default suite" duration-ms="5703" started-at="2021-04-24T00:32:42 IST" finished-at="2021-04-24T00:32:47 IST">
    <groups>
    </groups>
    <test name="Default test" duration-ms="5703" started-at="2021-04-24T00:32:42 IST" finished-at="2021-04-24T00:32:47 IST">
      <class name="Page_objects.Browser_launch">
        <test-method status="PASS" signature="test12()[pri:0, instance:Page_objects.Browser_launch@1f36e637]" name="test12" duration-ms="5663" started-at="2021-04-24T00:32:42 IST" finished-at="2021-04-24T00:32:47 IST">
          <reporter-output>
          </reporter-output>
        </test-method> <!-- test12 -->
      </class> <!-- Page_objects.Browser_launch -->
    </test> <!-- Default test -->
  </suite> <!-- Default suite -->
</testng-results>
